#
# A fatal error has been detected by the Java Runtime Environment:
#
#  EXCEPTION_ACCESS_VIOLATION (0xc0000005) at pc=0x00007ffb6c26eebb, pid=30364, tid=18724
#
# JRE version: OpenJDK Runtime Environment Temurin-17.0.6+10 (17.0.6+10) (build 17.0.6+10)
# Java VM: OpenJDK 64-Bit Server VM Temurin-17.0.6+10 (17.0.6+10, mixed mode, sharing, tiered, compressed oops, compressed class ptrs, g1 gc, windows-amd64)
# Problematic frame:
# V  [jvm.dll+0x1beebb]
#
# No core dump will be written. Minidumps are not enabled by default on client versions of Windows
#
# If you would like to submit a bug report, please visit:
#   https://github.com/adoptium/adoptium-support/issues
#

---------------  S U M M A R Y ------------

Command Line: -javaagent:C:\Program Files\JetBrains\IntelliJ IDEA Community Edition 2023.1.2\lib\idea_rt.jar=53561:C:\Program Files\JetBrains\IntelliJ IDEA Community Edition 2023.1.2\bin -Dfile.encoding=UTF-8 org.example.Main

Host: Intel(R) Core(TM) i5-8600K CPU @ 3.60GHz, 6 cores, 15G,  Windows 11 , 64 bit Build 22000 (10.0.22000.2003)
Time: Fri Jul  7 11:39:27 2023 Central Europe Daylight Time elapsed time: 2.452287 seconds (0d 0h 0m 2s)

---------------  T H R E A D  ---------------

Current thread (0x00000141ee562b20):  JavaThread "C2 CompilerThread0" daemon [_thread_in_native, id=18724, stack(0x00000026dfd00000,0x00000026dfe00000)]


Current CompileTask:
C2:   2452 3461   !   4       org.springframework.core.annotation.AnnotationsScanner::processClassHierarchy (234 bytes)

Stack: [0x00000026dfd00000,0x00000026dfe00000],  sp=0x00000026dfdfbc80,  free space=1007k
Native frames: (J=compiled Java code, j=interpreted, Vv=VM code, C=native code)
V  [jvm.dll+0x1beebb]
V  [jvm.dll+0x1bb849]
V  [jvm.dll+0x218749]
V  [jvm.dll+0x217a11]
V  [jvm.dll+0x1a3d0d]
V  [jvm.dll+0x22742a]
V  [jvm.dll+0x225565]
V  [jvm.dll+0x7ea2cb]
V  [jvm.dll+0x7e483a]
V  [jvm.dll+0x6762c5]
C  [ucrtbase.dll+0x26c0c]
C  [KERNEL32.DLL+0x155a0]
C  [ntdll.dll+0x485b]


siginfo: EXCEPTION_ACCESS_VIOLATION (0xc0000005), reading address 0x00007feb6c993270


Register to memory mapping:

RIP=0x00007ffb6c26eebb jvm.dll
RAX=0x00007feb6c993250 is an unknown value
RBX=0x0000000000000001 is an unknown value
RCX=0x00000141f6b07010 points into unknown readable memory: 0x00007feb6c993250 | 50 32 99 6c eb 7f 00 00
RDX=0x0000000000000050 is an unknown value
RSP=0x00000026dfdfbc80 is pointing into the stack for thread: 0x00000141ee562b20
RBP=0x00000026dfdfbd80 is pointing into the stack for thread: 0x00000141ee562b20
RSI=0x0000000000000244 is an unknown value
RDI=0x00000141f6b07010 points into unknown readable memory: 0x00007feb6c993250 | 50 32 99 6c eb 7f 00 00
R8 =0x000000000000000c is an unknown value
R9 =0x0000000000000004 is an unknown value
R10=0x0000000000000003 is an unknown value
R11=0x00000141ef4c8b00 points into unknown readable memory: 0x6e400000015401be | be 01 54 01 00 00 40 6e
R12=0x0 is NULL
R13=0x00000141f6b07138 points into unknown readable memory: 0x00007ffb6c9cb1f0 | f0 b1 9c 6c fb 7f 00 00
R14=0x00000026dfdfc240 is pointing into the stack for thread: 0x00000141ee562b20
R15=0x0000000000000001 is an unknown value


Registers:
RAX=0x00007feb6c993250, RBX=0x0000000000000001, RCX=0x00000141f6b07010, RDX=0x0000000000000050
RSP=0x00000026dfdfbc80, RBP=0x00000026dfdfbd80, RSI=0x0000000000000244, RDI=0x00000141f6b07010
R8 =0x000000000000000c, R9 =0x0000000000000004, R10=0x0000000000000003, R11=0x00000141ef4c8b00
R12=0x0000000000000000, R13=0x00000141f6b07138, R14=0x00000026dfdfc240, R15=0x0000000000000001
RIP=0x00007ffb6c26eebb, EFLAGS=0x0000000000010293

Top of Stack: (sp=0x00000026dfdfbc80)
0x00000026dfdfbc80:   0000000000000000 00000141f6b07138
0x00000026dfdfbc90:   00000026dfdfc240 00000026dfdfbde0
0x00000026dfdfbca0:   00000141f1cdc290 00000141f1cdc280
0x00000026dfdfbcb0:   0000000000000000 000000020000045f
0x00000026dfdfbcc0:   0000000500000005 00000141ef4c8b00
0x00000026dfdfbcd0:   00000026dfdfbd00 00000026dfdfbcf0
0x00000026dfdfbce0:   00000141f6b07138 0000000000000629
0x00000026dfdfbcf0:   0000000500000028 00000026dfdfbd00
0x00000026dfdfbd00:   00000141ef4c8b00 00000141ef4c8920
0x00000026dfdfbd10:   00000141ef4c8960 00000141ef4c89a0
0x00000026dfdfbd20:   00000141ef4c8b40 00007ffb6cc1ae38
0x00000026dfdfbd30:   00007ffb6cc1ae38 00007ffb6cc1ae38
0x00000026dfdfbd40:   00007ffb6cc1ae38 00007ffb6cc1ae38
0x00000026dfdfbd50:   00007ffb6cc1ae38 00007ffb6cc1ae38
0x00000026dfdfbd60:   00000141f0188f38 00007ffb00000040
0x00000026dfdfbd70:   00000141f09ee870 0000002600000040 

Instructions: (pc=0x00007ffb6c26eebb)
0x00007ffb6c26edbb:   4c 8b f1 89 45 60 45 33 e4 48 8b 41 10 48 8b da
0x00007ffb6c26edcb:   48 8b 4a 18 48 89 4d 78 44 8b 80 40 02 00 00 4a
0x00007ffb6c26eddb:   8d 3c c5 0f 00 00 00 48 83 e7 f0 48 8b c7 48 f7
0x00007ffb6c26edeb:   d0 48 3b c1 73 1a 4c 8d 05 e8 37 75 00 48 8b d7
0x00007ffb6c26edfb:   48 8b cb e8 cd d4 ee ff 48 8b 4b 18 48 89 4d 78
0x00007ffb6c26ee0b:   48 8d 04 39 48 3b 43 20 76 17 45 33 c0 48 8b d7
0x00007ffb6c26ee1b:   48 8b cb e8 6d d2 ee ff 48 8b c8 48 89 45 78 eb
0x00007ffb6c26ee2b:   04 48 89 43 18 49 8b 46 10 33 d2 44 8b 80 40 02
0x00007ffb6c26ee3b:   00 00 49 c1 e0 03 e8 0c 16 6d 00 49 8b 46 48 33
0x00007ffb6c26ee4b:   f6 89 75 70 39 70 40 0f 86 82 05 00 00 4c 89 ac
0x00007ffb6c26ee5b:   24 20 01 00 00 4c 89 bc 24 18 01 00 00 0f 1f 84
0x00007ffb6c26ee6b:   00 00 00 00 00 48 8b 40 30 48 8d 4c 24 70 4c 8b
0x00007ffb6c26ee7b:   2c f0 4c 89 6c 24 60 41 8b 45 4c ff c8 48 8d 14
0x00007ffb6c26ee8b:   80 49 8b 46 68 48 c1 e2 05 48 03 50 10 e8 63 93
0x00007ffb6c26ee9b:   1a 00 41 8b 5d 28 ff cb 41 3b 5d 18 73 0a 49 8b
0x00007ffb6c26eeab:   45 20 48 8b 3c d8 eb 02 33 ff 48 8b 07 48 8b cf
0x00007ffb6c26eebb:   ff 50 20 48 3b c7 74 04 41 2b 5d 48 44 8d 7b 01
0x00007ffb6c26eecb:   41 83 ff 01 0f 86 9c 04 00 00 66 66 66 0f 1f 84
0x00007ffb6c26eedb:   00 00 00 00 00 41 ff cf 44 89 7d 68 45 3b 7d 18
0x00007ffb6c26eeeb:   73 0a 49 8b 45 20 4a 8b 34 f8 eb 02 33 f6 8b 46
0x00007ffb6c26eefb:   2c 24 03 3c 02 0f 85 3f 01 00 00 48 8b 06 48 8b
0x00007ffb6c26ef0b:   ce ff 90 48 01 00 00 83 f8 4f 0f 85 2a 01 00 00
0x00007ffb6c26ef1b:   48 8b 46 08 48 8b 78 08 8b 47 2c 83 e0 0f 3c 0c
0x00007ffb6c26ef2b:   0f 85 14 01 00 00 48 8b 47 08 48 8b 08 8b 41 2c
0x00007ffb6c26ef3b:   83 e0 7f 3c 60 0f 85 ff 00 00 00 49 8b 46 48 48
0x00007ffb6c26ef4b:   8b 50 78 8b 47 28 4c 8b 3c c2 41 83 7f 18 00 76
0x00007ffb6c26ef5b:   09 49 8b 47 20 48 8b 00 eb 02 33 c0 48 8b 40 08
0x00007ffb6c26ef6b:   48 8b 48 10 8b 41 28 4c 39 2c c2 0f 85 c5 00 00
0x00007ffb6c26ef7b:   00 49 8b 46 10 48 8b 88 58 08 00 00 4c 8b a1 b0
0x00007ffb6c26ef8b:   0a 00 00 b9 68 00 00 00 e8 68 fa e4 ff 48 8b d8
0x00007ffb6c26ef9b:   48 85 c0 74 66 33 d2 48 8b c8 e8 66 3b 49 00 33
0x00007ffb6c26efab:   c0 c6 43 38 00 89 43 3c 48 8b cf 48 89 43 40 48 


Stack slot to memory mapping:
stack at sp + 0 slots: 0x0 is NULL
stack at sp + 1 slots: 0x00000141f6b07138 points into unknown readable memory: 0x00007ffb6c9cb1f0 | f0 b1 9c 6c fb 7f 00 00
stack at sp + 2 slots: 0x00000026dfdfc240 is pointing into the stack for thread: 0x00000141ee562b20
stack at sp + 3 slots: 0x00000026dfdfbde0 is pointing into the stack for thread: 0x00000141ee562b20
stack at sp + 4 slots: 0x00000141f1cdc290 points into unknown readable memory: 0x00000141f1cdc308 | 08 c3 cd f1 41 01 00 00
stack at sp + 5 slots: 0x00000141f1cdc280 points into unknown readable memory: 0x00007ffb6c9df718 | 18 f7 9d 6c fb 7f 00 00
stack at sp + 6 slots: 0x0 is NULL
stack at sp + 7 slots: 0x000000020000045f is an unknown value


---------------  P R O C E S S  ---------------

Threads class SMR info:
_java_thread_list=0x00000141f225d620, length=17, elements={
0x00000141c9982880, 0x00000141ee53a2c0, 0x00000141ee53d620, 0x00000141ee552eb0,
0x00000141ee5516a0, 0x00000141ee5529e0, 0x00000141ee552510, 0x00000141ee562b20,
0x00000141ee5651e0, 0x00000141ee565f80, 0x00000141ee553380, 0x00000141ee758cc0,
0x00000141ee551b70, 0x00000141ee553850, 0x00000141ee550d00, 0x00000141ee5541f0,
0x00000141ee550830
}

Java Threads: ( => current thread )
  0x00000141c9982880 JavaThread "main" [_thread_in_vm, id=5932, stack(0x00000026def00000,0x00000026df000000)]
  0x00000141ee53a2c0 JavaThread "Reference Handler" daemon [_thread_blocked, id=14620, stack(0x00000026df600000,0x00000026df700000)]
  0x00000141ee53d620 JavaThread "Finalizer" daemon [_thread_blocked, id=8644, stack(0x00000026df700000,0x00000026df800000)]
  0x00000141ee552eb0 JavaThread "Signal Dispatcher" daemon [_thread_blocked, id=33572, stack(0x00000026df900000,0x00000026dfa00000)]
  0x00000141ee5516a0 JavaThread "Attach Listener" daemon [_thread_blocked, id=14960, stack(0x00000026dfa00000,0x00000026dfb00000)]
  0x00000141ee5529e0 JavaThread "Service Thread" daemon [_thread_blocked, id=7956, stack(0x00000026dfb00000,0x00000026dfc00000)]
  0x00000141ee552510 JavaThread "Monitor Deflation Thread" daemon [_thread_blocked, id=15968, stack(0x00000026dfc00000,0x00000026dfd00000)]
=>0x00000141ee562b20 JavaThread "C2 CompilerThread0" daemon [_thread_in_native, id=18724, stack(0x00000026dfd00000,0x00000026dfe00000)]
  0x00000141ee5651e0 JavaThread "C1 CompilerThread0" daemon [_thread_blocked, id=27288, stack(0x00000026dfe00000,0x00000026dff00000)]
  0x00000141ee565f80 JavaThread "Sweeper thread" daemon [_thread_blocked, id=33288, stack(0x00000026dff00000,0x00000026e0000000)]
  0x00000141ee553380 JavaThread "Common-Cleaner" daemon [_thread_blocked, id=15424, stack(0x00000026e0000000,0x00000026e0100000)]
  0x00000141ee758cc0 JavaThread "C2 CompilerThread1" daemon [_thread_in_native, id=19516, stack(0x00000026e0100000,0x00000026e0200000)]
  0x00000141ee551b70 JavaThread "Monitor Ctrl-Break" daemon [_thread_in_native, id=15916, stack(0x00000026e0200000,0x00000026e0300000)]
  0x00000141ee553850 JavaThread "Notification Thread" daemon [_thread_blocked, id=12092, stack(0x00000026e0300000,0x00000026e0400000)]
  0x00000141ee550d00 JavaThread "Catalina-utility-1" [_thread_blocked, id=10028, stack(0x00000026e0b00000,0x00000026e0c00000)]
  0x00000141ee5541f0 JavaThread "Catalina-utility-2" [_thread_blocked, id=14560, stack(0x00000026e0c00000,0x00000026e0d00000)]
  0x00000141ee550830 JavaThread "container-0" [_thread_blocked, id=16580, stack(0x00000026e0d00000,0x00000026e0e00000)]

Other Threads:
  0x00000141ee0eecb0 VMThread "VM Thread" [stack: 0x00000026df500000,0x00000026df600000] [id=10464]
  0x00000141c9759f30 WatcherThread [stack: 0x00000026e0400000,0x00000026e0500000] [id=31032]
  0x00000141c99ef3f0 GCTaskThread "GC Thread#0" [stack: 0x00000026df000000,0x00000026df100000] [id=26544]
  0x00000141ef7ef1b0 GCTaskThread "GC Thread#1" [stack: 0x00000026e0500000,0x00000026e0600000] [id=12612]
  0x00000141efbce2d0 GCTaskThread "GC Thread#2" [stack: 0x00000026e0600000,0x00000026e0700000] [id=17804]
  0x00000141efbf0aa0 GCTaskThread "GC Thread#3" [stack: 0x00000026e0700000,0x00000026e0800000] [id=16808]
  0x00000141efc10cf0 GCTaskThread "GC Thread#4" [stack: 0x00000026e0800000,0x00000026e0900000] [id=15264]
  0x00000141efc10fa0 GCTaskThread "GC Thread#5" [stack: 0x00000026e0900000,0x00000026e0a00000] [id=29672]
  0x00000141c9a00240 ConcurrentGCThread "G1 Main Marker" [stack: 0x00000026df100000,0x00000026df200000] [id=16320]
  0x00000141c9a00c50 ConcurrentGCThread "G1 Conc#0" [stack: 0x00000026df200000,0x00000026df300000] [id=25340]
  0x00000141f1af25c0 ConcurrentGCThread "G1 Conc#1" [stack: 0x00000026e0a00000,0x00000026e0b00000] [id=8672]
  0x00000141c9a354f0 ConcurrentGCThread "G1 Refine#0" [stack: 0x00000026df300000,0x00000026df400000] [id=17668]
  0x00000141edfb6d60 ConcurrentGCThread "G1 Service" [stack: 0x00000026df400000,0x00000026df500000] [id=33112]

Threads with active compile tasks:
C2 CompilerThread0     2561 3461   !   4       org.springframework.core.annotation.AnnotationsScanner::processClassHierarchy (234 bytes)
C2 CompilerThread1     2561 3494   !   4       org.springframework.core.annotation.AnnotationsScanner::processMethodHierarchy (276 bytes)

VM state: not at safepoint (normal execution)

VM Mutex/Monitor currently owned by a thread: None

Heap address: 0x0000000700e00000, size: 4082 MB, Compressed Oops mode: Zero based, Oop shift amount: 3

CDS archive(s) mapped at: [0x0000000800000000-0x0000000800bc0000-0x0000000800bc0000), size 12320768, SharedBaseAddress: 0x0000000800000000, ArchiveRelocationMode: 0.
Compressed class space mapped at: 0x0000000800c00000-0x0000000840c00000, reserved size: 1073741824
Narrow klass base: 0x0000000800000000, Narrow klass shift: 0, Narrow klass range: 0x100000000

GC Precious Log:
 CPUs: 6 total, 6 available
 Memory: 16326M
 Large Page Support: Disabled
 NUMA Support: Disabled
 Compressed Oops: Enabled (Zero based)
 Heap Region Size: 2M
 Heap Min Capacity: 8M
 Heap Initial Capacity: 256M
 Heap Max Capacity: 4082M
 Pre-touch: Disabled
 Parallel Workers: 6
 Concurrent Workers: 2
 Concurrent Refinement Workers: 6
 Periodic GC: Disabled

Heap:
 garbage-first heap   total 159744K, used 39141K [0x0000000700e00000, 0x0000000800000000)
  region size 2048K, 13 young (26624K), 1 survivors (2048K)
 Metaspace       used 33748K, committed 34176K, reserved 1081344K
  class space    used 4487K, committed 4672K, reserved 1048576K

Heap Regions: E=young(eden), S=young(survivor), O=old, HS=humongous(starts), HC=humongous(continues), CS=collection set, F=free, OA=open archive, CA=closed archive, TAMS=top-at-mark-start (previous, next)
|   0|0x0000000700e00000, 0x0000000701000000, 0x0000000701000000|100%| O|  |TAMS 0x0000000701000000, 0x0000000700e00000| Untracked 
|   1|0x0000000701000000, 0x0000000701200000, 0x0000000701200000|100%| O|  |TAMS 0x0000000701200000, 0x0000000701000000| Untracked 
|   2|0x0000000701200000, 0x0000000701400000, 0x0000000701400000|100%| O|  |TAMS 0x0000000701400000, 0x0000000701200000| Untracked 
|   3|0x0000000701400000, 0x0000000701400000, 0x0000000701600000|  0%| F|  |TAMS 0x0000000701400000, 0x0000000701400000| Untracked 
|   4|0x0000000701600000, 0x0000000701800000, 0x0000000701800000|100%| O|  |TAMS 0x0000000701600000, 0x0000000701600000| Untracked 
|   5|0x0000000701800000, 0x0000000701800000, 0x0000000701a00000|  0%| F|  |TAMS 0x0000000701800000, 0x0000000701800000| Untracked 
|   6|0x0000000701a00000, 0x0000000701a00000, 0x0000000701c00000|  0%| F|  |TAMS 0x0000000701a00000, 0x0000000701a00000| Untracked 
|   7|0x0000000701c00000, 0x0000000701c00000, 0x0000000701e00000|  0%| F|  |TAMS 0x0000000701c00000, 0x0000000701c00000| Untracked 
|   8|0x0000000701e00000, 0x0000000701e00000, 0x0000000702000000|  0%| F|  |TAMS 0x0000000701e00000, 0x0000000701e00000| Untracked 
|   9|0x0000000702000000, 0x0000000702000000, 0x0000000702200000|  0%| F|  |TAMS 0x0000000702000000, 0x0000000702000000| Untracked 
|  10|0x0000000702200000, 0x0000000702400000, 0x0000000702400000|100%| O|  |TAMS 0x0000000702200000, 0x0000000702200000| Untracked 
|  11|0x0000000702400000, 0x0000000702600000, 0x0000000702600000|100%| O|  |TAMS 0x0000000702400000, 0x0000000702400000| Untracked 
|  12|0x0000000702600000, 0x0000000702800000, 0x0000000702800000|100%| O|  |TAMS 0x0000000702600000, 0x0000000702600000| Untracked 
|  13|0x0000000702800000, 0x000000070287a200, 0x0000000702a00000| 23%| O|  |TAMS 0x0000000702800000, 0x0000000702800000| Untracked 
|  14|0x0000000702a00000, 0x0000000702a00000, 0x0000000702c00000|  0%| F|  |TAMS 0x0000000702a00000, 0x0000000702a00000| Untracked 
|  15|0x0000000702c00000, 0x0000000702c00000, 0x0000000702e00000|  0%| F|  |TAMS 0x0000000702c00000, 0x0000000702c00000| Untracked 
|  16|0x0000000702e00000, 0x0000000702fbf2b8, 0x0000000703000000| 87%| S|CS|TAMS 0x0000000702e00000, 0x0000000702e00000| Complete 
|  17|0x0000000703000000, 0x0000000703000000, 0x0000000703200000|  0%| F|  |TAMS 0x0000000703000000, 0x0000000703000000| Untracked 
|  18|0x0000000703200000, 0x0000000703200000, 0x0000000703400000|  0%| F|  |TAMS 0x0000000703200000, 0x0000000703200000| Untracked 
|  19|0x0000000703400000, 0x0000000703400000, 0x0000000703600000|  0%| F|  |TAMS 0x0000000703400000, 0x0000000703400000| Untracked 
|  20|0x0000000703600000, 0x0000000703600000, 0x0000000703800000|  0%| F|  |TAMS 0x0000000703600000, 0x0000000703600000| Untracked 
|  21|0x0000000703800000, 0x0000000703800000, 0x0000000703a00000|  0%| F|  |TAMS 0x0000000703800000, 0x0000000703800000| Untracked 
|  22|0x0000000703a00000, 0x0000000703a00000, 0x0000000703c00000|  0%| F|  |TAMS 0x0000000703a00000, 0x0000000703a00000| Untracked 
|  23|0x0000000703c00000, 0x0000000703c00000, 0x0000000703e00000|  0%| F|  |TAMS 0x0000000703c00000, 0x0000000703c00000| Untracked 
|  24|0x0000000703e00000, 0x0000000703e00000, 0x0000000704000000|  0%| F|  |TAMS 0x0000000703e00000, 0x0000000703e00000| Untracked 
|  25|0x0000000704000000, 0x0000000704000000, 0x0000000704200000|  0%| F|  |TAMS 0x0000000704000000, 0x0000000704000000| Untracked 
|  26|0x0000000704200000, 0x0000000704200000, 0x0000000704400000|  0%| F|  |TAMS 0x0000000704200000, 0x0000000704200000| Untracked 
|  27|0x0000000704400000, 0x0000000704400000, 0x0000000704600000|  0%| F|  |TAMS 0x0000000704400000, 0x0000000704400000| Untracked 
|  28|0x0000000704600000, 0x0000000704600000, 0x0000000704800000|  0%| F|  |TAMS 0x0000000704600000, 0x0000000704600000| Untracked 
|  29|0x0000000704800000, 0x0000000704800000, 0x0000000704a00000|  0%| F|  |TAMS 0x0000000704800000, 0x0000000704800000| Untracked 
|  30|0x0000000704a00000, 0x0000000704a00000, 0x0000000704c00000|  0%| F|  |TAMS 0x0000000704a00000, 0x0000000704a00000| Untracked 
|  31|0x0000000704c00000, 0x0000000704c00000, 0x0000000704e00000|  0%| F|  |TAMS 0x0000000704c00000, 0x0000000704c00000| Untracked 
|  32|0x0000000704e00000, 0x0000000704e00000, 0x0000000705000000|  0%| F|  |TAMS 0x0000000704e00000, 0x0000000704e00000| Untracked 
|  33|0x0000000705000000, 0x0000000705000000, 0x0000000705200000|  0%| F|  |TAMS 0x0000000705000000, 0x0000000705000000| Untracked 
|  34|0x0000000705200000, 0x0000000705200000, 0x0000000705400000|  0%| F|  |TAMS 0x0000000705200000, 0x0000000705200000| Untracked 
|  35|0x0000000705400000, 0x0000000705400000, 0x0000000705600000|  0%| F|  |TAMS 0x0000000705400000, 0x0000000705400000| Untracked 
|  36|0x0000000705600000, 0x0000000705600000, 0x0000000705800000|  0%| F|  |TAMS 0x0000000705600000, 0x0000000705600000| Untracked 
|  37|0x0000000705800000, 0x0000000705800000, 0x0000000705a00000|  0%| F|  |TAMS 0x0000000705800000, 0x0000000705800000| Untracked 
|  38|0x0000000705a00000, 0x0000000705a00000, 0x0000000705c00000|  0%| F|  |TAMS 0x0000000705a00000, 0x0000000705a00000| Untracked 
|  39|0x0000000705c00000, 0x0000000705c00000, 0x0000000705e00000|  0%| F|  |TAMS 0x0000000705c00000, 0x0000000705c00000| Untracked 
|  40|0x0000000705e00000, 0x0000000705e00000, 0x0000000706000000|  0%| F|  |TAMS 0x0000000705e00000, 0x0000000705e00000| Untracked 
|  41|0x0000000706000000, 0x0000000706000000, 0x0000000706200000|  0%| F|  |TAMS 0x0000000706000000, 0x0000000706000000| Untracked 
|  42|0x0000000706200000, 0x0000000706200000, 0x0000000706400000|  0%| F|  |TAMS 0x0000000706200000, 0x0000000706200000| Untracked 
|  43|0x0000000706400000, 0x0000000706400000, 0x0000000706600000|  0%| F|  |TAMS 0x0000000706400000, 0x0000000706400000| Untracked 
|  44|0x0000000706600000, 0x0000000706600000, 0x0000000706800000|  0%| F|  |TAMS 0x0000000706600000, 0x0000000706600000| Untracked 
|  45|0x0000000706800000, 0x0000000706800000, 0x0000000706a00000|  0%| F|  |TAMS 0x0000000706800000, 0x0000000706800000| Untracked 
|  46|0x0000000706a00000, 0x0000000706a00000, 0x0000000706c00000|  0%| F|  |TAMS 0x0000000706a00000, 0x0000000706a00000| Untracked 
|  47|0x0000000706c00000, 0x0000000706c00000, 0x0000000706e00000|  0%| F|  |TAMS 0x0000000706c00000, 0x0000000706c00000| Untracked 
|  48|0x0000000706e00000, 0x0000000706e00000, 0x0000000707000000|  0%| F|  |TAMS 0x0000000706e00000, 0x0000000706e00000| Untracked 
|  49|0x0000000707000000, 0x0000000707000000, 0x0000000707200000|  0%| F|  |TAMS 0x0000000707000000, 0x0000000707000000| Untracked 
|  50|0x0000000707200000, 0x0000000707200000, 0x0000000707400000|  0%| F|  |TAMS 0x0000000707200000, 0x0000000707200000| Untracked 
|  51|0x0000000707400000, 0x0000000707400000, 0x0000000707600000|  0%| F|  |TAMS 0x0000000707400000, 0x0000000707400000| Untracked 
|  52|0x0000000707600000, 0x0000000707600000, 0x0000000707800000|  0%| F|  |TAMS 0x0000000707600000, 0x0000000707600000| Untracked 
|  53|0x0000000707800000, 0x0000000707800000, 0x0000000707a00000|  0%| F|  |TAMS 0x0000000707800000, 0x0000000707800000| Untracked 
|  54|0x0000000707a00000, 0x0000000707a00000, 0x0000000707c00000|  0%| F|  |TAMS 0x0000000707a00000, 0x0000000707a00000| Untracked 
|  55|0x0000000707c00000, 0x0000000707c00000, 0x0000000707e00000|  0%| F|  |TAMS 0x0000000707c00000, 0x0000000707c00000| Untracked 
|  56|0x0000000707e00000, 0x0000000707e00000, 0x0000000708000000|  0%| F|  |TAMS 0x0000000707e00000, 0x0000000707e00000| Untracked 
|  57|0x0000000708000000, 0x0000000708000000, 0x0000000708200000|  0%| F|  |TAMS 0x0000000708000000, 0x0000000708000000| Untracked 
|  58|0x0000000708200000, 0x0000000708200000, 0x0000000708400000|  0%| F|  |TAMS 0x0000000708200000, 0x0000000708200000| Untracked 
|  59|0x0000000708400000, 0x0000000708400000, 0x0000000708600000|  0%| F|  |TAMS 0x0000000708400000, 0x0000000708400000| Untracked 
|  60|0x0000000708600000, 0x0000000708600000, 0x0000000708800000|  0%| F|  |TAMS 0x0000000708600000, 0x0000000708600000| Untracked 
|  61|0x0000000708800000, 0x0000000708800000, 0x0000000708a00000|  0%| F|  |TAMS 0x0000000708800000, 0x0000000708800000| Untracked 
|  62|0x0000000708a00000, 0x0000000708a00000, 0x0000000708c00000|  0%| F|  |TAMS 0x0000000708a00000, 0x0000000708a00000| Untracked 
|  63|0x0000000708c00000, 0x0000000708c00000, 0x0000000708e00000|  0%| F|  |TAMS 0x0000000708c00000, 0x0000000708c00000| Untracked 
|  64|0x0000000708e00000, 0x0000000708e00000, 0x0000000709000000|  0%| F|  |TAMS 0x0000000708e00000, 0x0000000708e00000| Untracked 
|  65|0x0000000709000000, 0x0000000709000000, 0x0000000709200000|  0%| F|  |TAMS 0x0000000709000000, 0x0000000709000000| Untracked 
|  66|0x0000000709200000, 0x0000000709300800, 0x0000000709400000| 50%| E|  |TAMS 0x0000000709200000, 0x0000000709200000| Complete 
|  67|0x0000000709400000, 0x0000000709600000, 0x0000000709600000|100%| E|CS|TAMS 0x0000000709400000, 0x0000000709400000| Complete 
|  68|0x0000000709600000, 0x0000000709800000, 0x0000000709800000|100%| E|CS|TAMS 0x0000000709600000, 0x0000000709600000| Complete 
|  69|0x0000000709800000, 0x0000000709a00000, 0x0000000709a00000|100%| E|CS|TAMS 0x0000000709800000, 0x0000000709800000| Complete 
|  70|0x0000000709a00000, 0x0000000709c00000, 0x0000000709c00000|100%| E|CS|TAMS 0x0000000709a00000, 0x0000000709a00000| Complete 
|  71|0x0000000709c00000, 0x0000000709e00000, 0x0000000709e00000|100%| E|CS|TAMS 0x0000000709c00000, 0x0000000709c00000| Complete 
|  72|0x0000000709e00000, 0x000000070a000000, 0x000000070a000000|100%| E|CS|TAMS 0x0000000709e00000, 0x0000000709e00000| Complete 
|  73|0x000000070a000000, 0x000000070a200000, 0x000000070a200000|100%| E|CS|TAMS 0x000000070a000000, 0x000000070a000000| Complete 
|  95|0x000000070cc00000, 0x000000070ce00000, 0x000000070ce00000|100%| E|CS|TAMS 0x000000070cc00000, 0x000000070cc00000| Complete 
|  96|0x000000070ce00000, 0x000000070d000000, 0x000000070d000000|100%| E|CS|TAMS 0x000000070ce00000, 0x000000070ce00000| Complete 
|  97|0x000000070d000000, 0x000000070d200000, 0x000000070d200000|100%| E|CS|TAMS 0x000000070d000000, 0x000000070d000000| Complete 
| 127|0x0000000710c00000, 0x0000000710e00000, 0x0000000710e00000|100%| E|CS|TAMS 0x0000000710c00000, 0x0000000710c00000| Complete 

Card table byte_map: [0x00000141e2ca0000,0x00000141e34a0000] _byte_map_base: 0x00000141df499000

Marking Bits (Prev, Next): (CMBitMap*) 0x00000141c99efa40, (CMBitMap*) 0x00000141c99efa00
 Prev Bits: [0x00000141e7c70000, 0x00000141ebc38000)
 Next Bits: [0x00000141e3ca0000, 0x00000141e7c68000)

Polling page: 0x00000141c9a40000

Metaspace:

Usage:
  Non-class:     28.62 MB used.
      Class:      4.39 MB used.
       Both:     33.01 MB used.

Virtual space:
  Non-class space:       32.00 MB reserved,      28.88 MB ( 90%) committed,  4 nodes.
      Class space:        1.00 GB reserved,       4.56 MB ( <1%) committed,  1 nodes.
             Both:        1.03 GB reserved,      33.44 MB (  3%) committed. 

Chunk freelists:
   Non-Class:  3.03 MB
       Class:  3.39 MB
        Both:  6.42 MB

MaxMetaspaceSize: unlimited
CompressedClassSpaceSize: 1.00 GB
Initial GC threshold: 21.00 MB
Current GC threshold: 35.25 MB
CDS: on
MetaspaceReclaimPolicy: balanced
 - commit_granule_bytes: 65536.
 - commit_granule_words: 8192.
 - virtual_space_node_default_size: 1048576.
 - enlarge_chunks_in_place: 1.
 - new_chunks_are_fully_committed: 0.
 - uncommit_free_chunks: 1.
 - use_allocation_guard: 0.
 - handle_deallocations: 1.


Internal statistics:

num_allocs_failed_limit: 3.
num_arena_births: 518.
num_arena_deaths: 0.
num_vsnodes_births: 5.
num_vsnodes_deaths: 0.
num_space_committed: 535.
num_space_uncommitted: 0.
num_chunks_returned_to_freelist: 3.
num_chunks_taken_from_freelist: 1742.
num_chunk_merges: 3.
num_chunk_splits: 1207.
num_chunks_enlarged: 905.
num_purges: 0.
num_inconsistent_stats: 0.

CodeHeap 'non-profiled nmethods': size=120000Kb used=1844Kb max_used=1844Kb free=118155Kb
 bounds [0x00000141da730000, 0x00000141da9a0000, 0x00000141e1c60000]
CodeHeap 'profiled nmethods': size=120000Kb used=8120Kb max_used=8120Kb free=111879Kb
 bounds [0x00000141d2c60000, 0x00000141d3450000, 0x00000141da190000]
CodeHeap 'non-nmethods': size=5760Kb used=1223Kb max_used=1364Kb free=4536Kb
 bounds [0x00000141da190000, 0x00000141da400000, 0x00000141da730000]
 total_blobs=4326 nmethods=3798 adapters=440
 compilation: enabled
              stopped_count=0, restarted_count=0
 full_count=0

Compilation events (20 events):
Event: 2.368 Thread 0x00000141ee5651e0 3823       2       java.util.stream.ReduceOps$ReduceOp::evaluateSequential (18 bytes)
Event: 2.368 Thread 0x00000141ee5651e0 nmethod 3823 0x00000141d3439110 code [0x00000141d34392c0, 0x00000141d34394a8]
Event: 2.375 Thread 0x00000141ee5651e0 3824       3       java.net.URLStreamHandler::parseURL (1201 bytes)
Event: 2.383 Thread 0x00000141ee758cc0 nmethod 3255 0x00000141da8f2a90 code [0x00000141da8f2e00, 0x00000141da8fa5f8]
Event: 2.383 Thread 0x00000141ee758cc0 3775       4       java.lang.PublicMethods$MethodList::filter (104 bytes)
Event: 2.386 Thread 0x00000141ee5651e0 nmethod 3824 0x00000141d3439590 code [0x00000141d343a6c0, 0x00000141d3444d88]
Event: 2.386 Thread 0x00000141ee5651e0 3825   !   2       jdk.proxy2.$Proxy40::annotationType (29 bytes)
Event: 2.386 Thread 0x00000141ee5651e0 nmethod 3825 0x00000141d3448c90 code [0x00000141d3448e40, 0x00000141d34490b8]
Event: 2.386 Thread 0x00000141ee5651e0 3826       2       java.lang.invoke.DirectMethodHandle$Holder::invokeStatic (22 bytes)
Event: 2.387 Thread 0x00000141ee5651e0 nmethod 3826 0x00000141d3449210 code [0x00000141d34493c0, 0x00000141d3449538]
Event: 2.390 Thread 0x00000141ee758cc0 nmethod 3775 0x00000141da8fc110 code [0x00000141da8fc2c0, 0x00000141da8fcbb8]
Event: 2.390 Thread 0x00000141ee758cc0 3494   !   4       org.springframework.core.annotation.AnnotationsScanner::processMethodHierarchy (276 bytes)
Event: 2.422 Thread 0x00000141ee5651e0 3827       2       java.util.zip.ZipFile$ZipEntryIterator::hasNext (17 bytes)
Event: 2.422 Thread 0x00000141ee5651e0 nmethod 3827 0x00000141d3449690 code [0x00000141d3449820, 0x00000141d3449938]
Event: 2.422 Thread 0x00000141ee5651e0 3828       1       java.util.jar.JarFile$JarFileEntry::getName (5 bytes)
Event: 2.422 Thread 0x00000141ee5651e0 nmethod 3828 0x00000141da8fd090 code [0x00000141da8fd220, 0x00000141da8fd2f8]
Event: 2.429 Thread 0x00000141ee5651e0 3829       2       java.util.zip.ZipFile$Source::getEntryPos (9 bytes)
Event: 2.429 Thread 0x00000141ee5651e0 nmethod 3829 0x00000141d3449a10 code [0x00000141d3449ba0, 0x00000141d3449cd8]
Event: 2.431 Thread 0x00000141ee5651e0 3830       2       java.util.concurrent.ConcurrentHashMap::<init> (73 bytes)
Event: 2.432 Thread 0x00000141ee5651e0 nmethod 3830 0x00000141d3449d90 code [0x00000141d3449f60, 0x00000141d344a218]

GC Heap History (12 events):
Event: 0.421 GC heap before
{Heap before GC invocations=0 (full 0):
 garbage-first heap   total 262144K, used 18432K [0x0000000700e00000, 0x0000000800000000)
  region size 2048K, 10 young (20480K), 0 survivors (0K)
 Metaspace       used 5561K, committed 5760K, reserved 1056768K
  class space    used 646K, committed 768K, reserved 1048576K
}
Event: 0.423 GC heap after
{Heap after GC invocations=1 (full 0):
 garbage-first heap   total 262144K, used 6618K [0x0000000700e00000, 0x0000000800000000)
  region size 2048K, 2 young (4096K), 2 survivors (4096K)
 Metaspace       used 5561K, committed 5760K, reserved 1056768K
  class space    used 646K, committed 768K, reserved 1048576K
}
Event: 0.678 GC heap before
{Heap before GC invocations=1 (full 0):
 garbage-first heap   total 262144K, used 29146K [0x0000000700e00000, 0x0000000800000000)
  region size 2048K, 13 young (26624K), 2 survivors (4096K)
 Metaspace       used 10807K, committed 11008K, reserved 1064960K
  class space    used 1434K, committed 1536K, reserved 1048576K
}
Event: 0.681 GC heap after
{Heap after GC invocations=2 (full 0):
 garbage-first heap   total 262144K, used 8214K [0x0000000700e00000, 0x0000000800000000)
  region size 2048K, 1 young (2048K), 1 survivors (2048K)
 Metaspace       used 10807K, committed 11008K, reserved 1064960K
  class space    used 1434K, committed 1536K, reserved 1048576K
}
Event: 1.352 GC heap before
{Heap before GC invocations=2 (full 0):
 garbage-first heap   total 262144K, used 65558K [0x0000000700e00000, 0x0000000800000000)
  region size 2048K, 30 young (61440K), 1 survivors (2048K)
 Metaspace       used 21261K, committed 21504K, reserved 1073152K
  class space    used 2713K, committed 2880K, reserved 1048576K
}
Event: 1.356 GC heap after
{Heap after GC invocations=3 (full 0):
 garbage-first heap   total 262144K, used 12571K [0x0000000700e00000, 0x0000000800000000)
  region size 2048K, 3 young (6144K), 3 survivors (6144K)
 Metaspace       used 21261K, committed 21504K, reserved 1073152K
  class space    used 2713K, committed 2880K, reserved 1048576K
}
Event: 1.814 GC heap before
{Heap before GC invocations=4 (full 0):
 garbage-first heap   total 55296K, used 39195K [0x0000000700e00000, 0x0000000800000000)
  region size 2048K, 17 young (34816K), 3 survivors (6144K)
 Metaspace       used 26199K, committed 26560K, reserved 1073152K
  class space    used 3431K, committed 3584K, reserved 1048576K
}
Event: 1.819 GC heap after
{Heap after GC invocations=5 (full 0):
 garbage-first heap   total 55296K, used 15450K [0x0000000700e00000, 0x0000000800000000)
  region size 2048K, 5 young (10240K), 5 survivors (10240K)
 Metaspace       used 26199K, committed 26560K, reserved 1073152K
  class space    used 3431K, committed 3584K, reserved 1048576K
}
Event: 1.846 GC heap before
{Heap before GC invocations=5 (full 0):
 garbage-first heap   total 55296K, used 17498K [0x0000000700e00000, 0x0000000800000000)
  region size 2048K, 6 young (12288K), 5 survivors (10240K)
 Metaspace       used 26438K, committed 26816K, reserved 1073152K
  class space    used 3487K, committed 3648K, reserved 1048576K
}
Event: 1.851 GC heap after
{Heap after GC invocations=6 (full 0):
 garbage-first heap   total 55296K, used 16308K [0x0000000700e00000, 0x0000000800000000)
  region size 2048K, 1 young (2048K), 1 survivors (2048K)
 Metaspace       used 26438K, committed 26816K, reserved 1073152K
  class space    used 3487K, committed 3648K, reserved 1048576K
}
Event: 2.216 GC heap before
{Heap before GC invocations=6 (full 0):
 garbage-first heap   total 55296K, used 34740K [0x0000000700e00000, 0x0000000800000000)
  region size 2048K, 10 young (20480K), 1 survivors (2048K)
 Metaspace       used 29855K, committed 30272K, reserved 1081344K
  class space    used 3895K, committed 4096K, reserved 1048576K
}
Event: 2.219 GC heap after
{Heap after GC invocations=7 (full 0):
 garbage-first heap   total 159744K, used 16613K [0x0000000700e00000, 0x0000000800000000)
  region size 2048K, 1 young (2048K), 1 survivors (2048K)
 Metaspace       used 29855K, committed 30272K, reserved 1081344K
  class space    used 3895K, committed 4096K, reserved 1048576K
}

Dll operation events (13 events):
Event: 0.008 Loaded shared library C:\Program Files\Eclipse Adoptium\jdk-17.0.6.10-hotspot\bin\java.dll
Event: 0.018 Loaded shared library C:\Program Files\Eclipse Adoptium\jdk-17.0.6.10-hotspot\bin\jsvml.dll
Event: 0.089 Loaded shared library C:\Program Files\Eclipse Adoptium\jdk-17.0.6.10-hotspot\bin\zip.dll
Event: 0.091 Loaded shared library C:\Program Files\Eclipse Adoptium\jdk-17.0.6.10-hotspot\bin\instrument.dll
Event: 0.095 Loaded shared library C:\Program Files\Eclipse Adoptium\jdk-17.0.6.10-hotspot\bin\net.dll
Event: 0.096 Loaded shared library C:\Program Files\Eclipse Adoptium\jdk-17.0.6.10-hotspot\bin\nio.dll
Event: 0.098 Loaded shared library C:\Program Files\Eclipse Adoptium\jdk-17.0.6.10-hotspot\bin\zip.dll
Event: 0.145 Loaded shared library C:\Program Files\JetBrains\IntelliJ IDEA Community Edition 2023.1.2\bin\breakgen64.dll
Event: 0.170 Loaded shared library C:\Program Files\Eclipse Adoptium\jdk-17.0.6.10-hotspot\bin\jimage.dll
Event: 0.623 Loaded shared library C:\Program Files\Eclipse Adoptium\jdk-17.0.6.10-hotspot\bin\verify.dll
Event: 2.136 Loaded shared library C:\Program Files\Eclipse Adoptium\jdk-17.0.6.10-hotspot\bin\sunmscapi.dll
Event: 2.153 Loaded shared library C:\Program Files\Eclipse Adoptium\jdk-17.0.6.10-hotspot\bin\management.dll
Event: 2.154 Loaded shared library C:\Program Files\Eclipse Adoptium\jdk-17.0.6.10-hotspot\bin\management_ext.dll

Deoptimization events (20 events):
Event: 2.300 Thread 0x00000141c9982880 Uncommon trap: trap_request=0xffffffbe fr.pc=0x00000141da8f0c9c relative=0x000000000000065c
Event: 2.300 Thread 0x00000141c9982880 Uncommon trap: reason=profile_predicate action=maybe_recompile pc=0x00000141da8f0c9c method=java.lang.PublicMethods$MethodList.filter([Ljava/lang/reflect/Method;Ljava/lang/String;[Ljava/lang/Class;Z)Ljava/lang/PublicMethods$MethodList; @ 21 c2
Event: 2.300 Thread 0x00000141c9982880 DEOPT PACKING pc=0x00000141da8f0c9c sp=0x00000026deffcec0
Event: 2.300 Thread 0x00000141c9982880 DEOPT UNPACKING pc=0x00000141da1e69a3 sp=0x00000026deffce78 mode 2
Event: 2.300 Thread 0x00000141c9982880 Uncommon trap: trap_request=0xffffffbe fr.pc=0x00000141da8f0c9c relative=0x000000000000065c
Event: 2.300 Thread 0x00000141c9982880 Uncommon trap: reason=profile_predicate action=maybe_recompile pc=0x00000141da8f0c9c method=java.lang.PublicMethods$MethodList.filter([Ljava/lang/reflect/Method;Ljava/lang/String;[Ljava/lang/Class;Z)Ljava/lang/PublicMethods$MethodList; @ 21 c2
Event: 2.300 Thread 0x00000141c9982880 DEOPT PACKING pc=0x00000141da8f0c9c sp=0x00000026deffcec0
Event: 2.300 Thread 0x00000141c9982880 DEOPT UNPACKING pc=0x00000141da1e69a3 sp=0x00000026deffce78 mode 2
Event: 2.300 Thread 0x00000141c9982880 Uncommon trap: trap_request=0xffffffbe fr.pc=0x00000141da8f0c9c relative=0x000000000000065c
Event: 2.300 Thread 0x00000141c9982880 Uncommon trap: reason=profile_predicate action=maybe_recompile pc=0x00000141da8f0c9c method=java.lang.PublicMethods$MethodList.filter([Ljava/lang/reflect/Method;Ljava/lang/String;[Ljava/lang/Class;Z)Ljava/lang/PublicMethods$MethodList; @ 21 c2
Event: 2.300 Thread 0x00000141c9982880 DEOPT PACKING pc=0x00000141da8f0c9c sp=0x00000026deffcf70
Event: 2.300 Thread 0x00000141c9982880 DEOPT UNPACKING pc=0x00000141da1e69a3 sp=0x00000026deffcf28 mode 2
Event: 2.357 Thread 0x00000141c9982880 Uncommon trap: trap_request=0xfffffff4 fr.pc=0x00000141da8978d4 relative=0x0000000000000454
Event: 2.357 Thread 0x00000141c9982880 Uncommon trap: reason=null_check action=make_not_entrant pc=0x00000141da8978d4 method=org.springframework.beans.factory.support.DefaultListableBeanFactory.getBeanDefinition(Ljava/lang/String;)Lorg/springframework/beans/factory/config/BeanDefinition; @ 10 
Event: 2.357 Thread 0x00000141c9982880 DEOPT PACKING pc=0x00000141da8978d4 sp=0x00000026deffcb90
Event: 2.357 Thread 0x00000141c9982880 DEOPT UNPACKING pc=0x00000141da1e69a3 sp=0x00000026deffcad8 mode 2
Event: 2.365 Thread 0x00000141c9982880 Uncommon trap: trap_request=0xffffff45 fr.pc=0x00000141da832018 relative=0x0000000000001e38
Event: 2.365 Thread 0x00000141c9982880 Uncommon trap: reason=unstable_if action=reinterpret pc=0x00000141da832018 method=java.net.URLStreamHandler.parseURL(Ljava/net/URL;Ljava/lang/String;II)V @ 155 c2
Event: 2.365 Thread 0x00000141c9982880 DEOPT PACKING pc=0x00000141da832018 sp=0x00000026deffc9a0
Event: 2.365 Thread 0x00000141c9982880 DEOPT UNPACKING pc=0x00000141da1e69a3 sp=0x00000026deffc960 mode 2

Classes unloaded (0 events):
No events

Classes redefined (0 events):
No events

Internal exceptions (20 events):
Event: 1.616 Thread 0x00000141c9982880 Exception <a 'java/lang/NoClassDefFoundError'{0x0000000702cd0a98}: org/jooq/DSLContext> (0x0000000702cd0a98) 
thrown [s\src\hotspot\share\classfile\systemDictionary.cpp, line 245]
Event: 1.617 Thread 0x00000141c9982880 Exception <a 'java/lang/NoClassDefFoundError'{0x0000000702ce0f90}: org/springframework/batch/core/repository/JobRepository> (0x0000000702ce0f90) 
thrown [s\src\hotspot\share\classfile\systemDictionary.cpp, line 245]
Event: 1.617 Thread 0x00000141c9982880 Exception <a 'java/lang/NoClassDefFoundError'{0x0000000702ce2488}: org/quartz/Scheduler> (0x0000000702ce2488) 
thrown [s\src\hotspot\share\classfile\systemDictionary.cpp, line 245]
Event: 1.617 Thread 0x00000141c9982880 Exception <a 'java/lang/NoClassDefFoundError'{0x0000000702ce3dd0}: org/springframework/session/jdbc/JdbcIndexedSessionRepository> (0x0000000702ce3dd0) 
thrown [s\src\hotspot\share\classfile\systemDictionary.cpp, line 245]
Event: 1.645 Thread 0x00000141c9982880 Exception <a 'java/lang/NoSuchMethodError'{0x0000000702a5d458}: 'void java.lang.invoke.DirectMethodHandle$Holder.invokeSpecial(java.lang.Object, java.lang.Object, java.lang.Object, java.lang.Object, java.lang.Object, java.lang.Object)'> (0x0000000702a5d458) 
thrown [s\src\hotspot\share\interpreter\linkResolver.cpp, line 759]
Event: 1.662 Thread 0x00000141c9982880 Implicit null exception at 0x00000141da88fce1 to 0x00000141da891e30
Event: 1.773 Thread 0x00000141c9982880 Implicit null exception at 0x00000141da7e8ead to 0x00000141da7e9db4
Event: 1.834 Thread 0x00000141c9982880 Exception <a 'java/lang/NoSuchMethodError'{0x0000000710cfaab0}: 'void java.lang.invoke.DirectMethodHandle$Holder.invokeInterface(java.lang.Object, java.lang.Object, int)'> (0x0000000710cfaab0) 
thrown [s\src\hotspot\share\interpreter\linkResolver.cpp, line 759]
Event: 1.838 Thread 0x00000141c9982880 Exception <a 'java/lang/IncompatibleClassChangeError'{0x0000000710d4c160}: Found class java.lang.Object, but interface was expected> (0x0000000710d4c160) 
thrown [s\src\hotspot\share\interpreter\linkResolver.cpp, line 826]
Event: 1.838 Thread 0x00000141c9982880 Exception <a 'java/lang/NoSuchMethodError'{0x0000000710d514c8}: 'void java.lang.invoke.DirectMethodHandle$Holder.invokeStatic(java.lang.Object, int, java.lang.Object)'> (0x0000000710d514c8) 
thrown [s\src\hotspot\share\interpreter\linkResolver.cpp, line 759]
Event: 1.933 Thread 0x00000141c9982880 Exception <a 'java/lang/NoSuchMethodError'{0x000000070cdf0918}: 'java.lang.Object java.lang.invoke.DirectMethodHandle$Holder.invokeStaticInit(java.lang.Object, int, int, int, int)'> (0x000000070cdf0918) 
thrown [s\src\hotspot\share\interpreter\linkResolver.cpp, line 759]
Event: 1.996 Thread 0x00000141c9982880 Exception <a 'java/lang/NoSuchMethodError'{0x0000000703abc048}: 'java.lang.Object java.lang.invoke.DirectMethodHandle$Holder.invokeStaticInit(java.lang.Object, java.lang.Object, int, int, int, int)'> (0x0000000703abc048) 
thrown [s\src\hotspot\share\interpreter\linkResolver.cpp, line 759]
Event: 2.102 Thread 0x00000141c9982880 Exception <a 'java/lang/NoSuchMethodError'{0x00000007037ba7c0}: 'java.lang.Object java.lang.invoke.DirectMethodHandle$Holder.invokeSpecial(java.lang.Object, java.lang.Object, long, java.lang.Object, java.lang.Object, java.lang.Object, java.lang.Object, java.lang.Object, java.lang.Object)'> (0x00000007037ba7c0) 
thrown [s\src\hotspot\share\interpreter\linkResolver.cpp, line 759]
Event: 2.102 Thread 0x00000141c9982880 Exception <a 'java/lang/NoSuchMethodError'{0x00000007037bf2e8}: 'java.lang.Object java.lang.invoke.DelegatingMethodHandle$Holder.reinvoke_L(java.lang.Object, long, java.lang.Object, java.lang.Object, java.lang.Object, java.lang.Object, java.lang.Object, java.lang.Object)'> (0x00000007037bf2e8) 
thrown [s\src\hotspot\share\interpreter\linkResolver.cpp, line 759]
Event: 2.103 Thread 0x00000141c9982880 Exception <a 'java/lang/NoSuchMethodError'{0x00000007037cbce8}: 'java.lang.Object java.lang.invoke.Invokers$Holder.linkToTargetMethod(java.lang.Object, java.lang.Object, java.lang.Object, java.lang.Object, java.lang.Object, java.lang.Object, java.lang.Object)'> (0x00000007037cbce8) 
thrown [s\src\hotspot\share\interpreter\linkResolver.cpp, line 759]
Event: 2.120 Thread 0x00000141c9982880 Implicit null exception at 0x00000141da81552c to 0x00000141da816d88
Event: 2.163 Thread 0x00000141c9982880 Exception <a 'java/io/FileNotFoundException'{0x000000070327bc68}> (0x000000070327bc68) 
thrown [s\src\hotspot\share\prims\jni.cpp, line 516]
Event: 2.184 Thread 0x00000141c9982880 Exception <a 'java/lang/NoSuchMethodError'{0x00000007033eaf90}: 'int java.lang.invoke.DirectMethodHandle$Holder.invokeInterface(java.lang.Object, java.lang.Object, java.lang.Object, java.lang.Object)'> (0x00000007033eaf90) 
thrown [s\src\hotspot\share\interpreter\linkResolver.cpp, line 759]
Event: 2.252 Thread 0x00000141c9982880 Exception <a 'java/lang/NoSuchMethodError'{0x0000000710deb5f8}: 'long java.lang.invoke.DirectMethodHandle$Holder.invokeVirtual(java.lang.Object, java.lang.Object)'> (0x0000000710deb5f8) 
thrown [s\src\hotspot\share\interpreter\linkResolver.cpp, line 759]
Event: 2.357 Thread 0x00000141c9982880 Implicit null exception at 0x00000141da897760 to 0x00000141da8978bd

VM Operations (20 events):
Event: 2.114 Executing VM operation: HandshakeAllThreads
Event: 2.114 Executing VM operation: HandshakeAllThreads done
Event: 2.140 Executing VM operation: HandshakeAllThreads
Event: 2.140 Executing VM operation: HandshakeAllThreads done
Event: 2.157 Executing VM operation: HandshakeAllThreads
Event: 2.157 Executing VM operation: HandshakeAllThreads done
Event: 2.216 Executing VM operation: G1CollectForAllocation
Event: 2.219 Executing VM operation: G1CollectForAllocation done
Event: 2.229 Executing VM operation: HandshakeAllThreads
Event: 2.229 Executing VM operation: HandshakeAllThreads done
Event: 2.229 Executing VM operation: HandshakeAllThreads
Event: 2.229 Executing VM operation: HandshakeAllThreads done
Event: 2.258 Executing VM operation: HandshakeAllThreads
Event: 2.258 Executing VM operation: HandshakeAllThreads done
Event: 2.272 Executing VM operation: HandshakeAllThreads
Event: 2.272 Executing VM operation: HandshakeAllThreads done
Event: 2.328 Executing VM operation: HandshakeAllThreads
Event: 2.328 Executing VM operation: HandshakeAllThreads done
Event: 2.440 Executing VM operation: HandshakeAllThreads
Event: 2.440 Executing VM operation: HandshakeAllThreads done

Events (20 events):
Event: 2.262 loading class java/util/concurrent/Executors$RunnableAdapter done
Event: 2.262 loading class java/util/concurrent/ThreadPoolExecutor$Worker
Event: 2.262 loading class java/util/concurrent/ThreadPoolExecutor$Worker done
Event: 2.263 loading class java/lang/Thread$State
Event: 2.263 loading class java/lang/Thread$State done
Event: 2.263 Thread 0x00000141ee550d00 Thread added: 0x00000141ee550d00
Event: 2.263 loading class java/util/concurrent/TimeUnit$1
Event: 2.263 loading class java/util/concurrent/TimeUnit$1 done
Event: 2.264 Thread 0x00000141ee5541f0 Thread added: 0x00000141ee5541f0
Event: 2.264 loading class java/util/concurrent/locks/AbstractQueuedSynchronizer$ConditionNode
Event: 2.264 loading class java/util/concurrent/locks/AbstractQueuedSynchronizer$Node
Event: 2.264 loading class java/util/concurrent/locks/AbstractQueuedSynchronizer$Node done
Event: 2.264 loading class java/util/concurrent/locks/AbstractQueuedSynchronizer$ConditionNode done
Event: 2.264 loading class java/util/concurrent/locks/AbstractQueuedSynchronizer$ExclusiveNode
Event: 2.264 loading class java/util/concurrent/locks/AbstractQueuedSynchronizer$ExclusiveNode done
Event: 2.267 Thread 0x00000141ee550830 Thread added: 0x00000141ee550830
Event: 2.350 loading class javax/naming/Referenceable
Event: 2.350 loading class javax/naming/Referenceable done
Event: 2.379 loading class java/lang/instrument/ClassFileTransformer
Event: 2.379 loading class java/lang/instrument/ClassFileTransformer done


Dynamic libraries:
0x00007ff7013b0000 - 0x00007ff7013be000 	C:\Program Files\Eclipse Adoptium\jdk-17.0.6.10-hotspot\bin\java.exe
0x00007ffc198a0000 - 0x00007ffc19aa9000 	C:\WINDOWS\SYSTEM32\ntdll.dll
0x00007ffbe52b0000 - 0x00007ffbe52c9000 	C:\Program Files\AVG\Antivirus\aswhook.dll
0x00007ffc185b0000 - 0x00007ffc1866e000 	C:\WINDOWS\System32\KERNEL32.DLL
0x00007ffc16ee0000 - 0x00007ffc17264000 	C:\WINDOWS\System32\KERNELBASE.dll
0x00007ffc16d40000 - 0x00007ffc16e51000 	C:\WINDOWS\System32\ucrtbase.dll
0x00007ffc00720000 - 0x00007ffc00737000 	C:\Program Files\Eclipse Adoptium\jdk-17.0.6.10-hotspot\bin\jli.dll
0x00007ffc098f0000 - 0x00007ffc09909000 	C:\Program Files\Eclipse Adoptium\jdk-17.0.6.10-hotspot\bin\VCRUNTIME140.dll
0x00007ffc17c10000 - 0x00007ffc17dbd000 	C:\WINDOWS\System32\USER32.dll
0x00007ffc173d0000 - 0x00007ffc173f6000 	C:\WINDOWS\System32\win32u.dll
0x00007ffc193d0000 - 0x00007ffc193fa000 	C:\WINDOWS\System32\GDI32.dll
0x00007ffc17400000 - 0x00007ffc1751f000 	C:\WINDOWS\System32\gdi32full.dll
0x00007ffc0a1a0000 - 0x00007ffc0a445000 	C:\WINDOWS\WinSxS\amd64_microsoft.windows.common-controls_6595b64144ccf1df_6.0.22000.120_none_9d947278b86cc467\COMCTL32.dll
0x00007ffc17270000 - 0x00007ffc1730d000 	C:\WINDOWS\System32\msvcp_win.dll
0x00007ffc19310000 - 0x00007ffc193b3000 	C:\WINDOWS\System32\msvcrt.dll
0x00007ffc194a0000 - 0x00007ffc194d1000 	C:\WINDOWS\System32\IMM32.DLL
0x00007ffc0cab0000 - 0x00007ffc0cabc000 	C:\Program Files\Eclipse Adoptium\jdk-17.0.6.10-hotspot\bin\vcruntime140_1.dll
0x00007ffbfbc70000 - 0x00007ffbfbd01000 	C:\Program Files\Eclipse Adoptium\jdk-17.0.6.10-hotspot\bin\msvcp140.dll
0x00007ffb6c0b0000 - 0x00007ffb6ccf7000 	C:\Program Files\Eclipse Adoptium\jdk-17.0.6.10-hotspot\bin\server\jvm.dll
0x00007ffc17700000 - 0x00007ffc177af000 	C:\WINDOWS\System32\ADVAPI32.dll
0x00007ffc17840000 - 0x00007ffc178de000 	C:\WINDOWS\System32\sechost.dll
0x00007ffc18a10000 - 0x00007ffc18b31000 	C:\WINDOWS\System32\RPCRT4.dll
0x00007ffc079e0000 - 0x00007ffc079e9000 	C:\WINDOWS\SYSTEM32\WSOCK32.dll
0x00007ffc188b0000 - 0x00007ffc1891f000 	C:\WINDOWS\System32\WS2_32.dll
0x00007ffc0ce70000 - 0x00007ffc0cea3000 	C:\WINDOWS\SYSTEM32\WINMM.dll
0x00007ffc0e8b0000 - 0x00007ffc0e8ba000 	C:\WINDOWS\SYSTEM32\VERSION.dll
0x00007ffc15db0000 - 0x00007ffc15dc8000 	C:\WINDOWS\SYSTEM32\kernel.appcore.dll
0x00007ffc0c080000 - 0x00007ffc0c08a000 	C:\Program Files\Eclipse Adoptium\jdk-17.0.6.10-hotspot\bin\jimage.dll
0x00007ffc146a0000 - 0x00007ffc148c1000 	C:\WINDOWS\SYSTEM32\DBGHELP.DLL
0x00007ffc079a0000 - 0x00007ffc079d1000 	C:\WINDOWS\SYSTEM32\dbgcore.DLL
0x00007ffc16e60000 - 0x00007ffc16edf000 	C:\WINDOWS\System32\bcryptPrimitives.dll
0x00007ffc00540000 - 0x00007ffc0054e000 	C:\Program Files\Eclipse Adoptium\jdk-17.0.6.10-hotspot\bin\instrument.dll
0x00007ffc00380000 - 0x00007ffc003a5000 	C:\Program Files\Eclipse Adoptium\jdk-17.0.6.10-hotspot\bin\java.dll
0x00007ffbe25a0000 - 0x00007ffbe2676000 	C:\Program Files\Eclipse Adoptium\jdk-17.0.6.10-hotspot\bin\jsvml.dll
0x00007ffc18b40000 - 0x00007ffc19305000 	C:\WINDOWS\System32\SHELL32.dll
0x00007ffc14e10000 - 0x00007ffc15674000 	C:\WINDOWS\SYSTEM32\windows.storage.dll
0x00007ffc194e0000 - 0x00007ffc19856000 	C:\WINDOWS\System32\combase.dll
0x00007ffc14ca0000 - 0x00007ffc14e07000 	C:\WINDOWS\SYSTEM32\wintypes.dll
0x00007ffc17dc0000 - 0x00007ffc17eaa000 	C:\WINDOWS\System32\SHCORE.dll
0x00007ffc17bb0000 - 0x00007ffc17c0d000 	C:\WINDOWS\System32\shlwapi.dll
0x00007ffc16c70000 - 0x00007ffc16c91000 	C:\WINDOWS\SYSTEM32\profapi.dll
0x00007ffc00090000 - 0x00007ffc000a8000 	C:\Program Files\Eclipse Adoptium\jdk-17.0.6.10-hotspot\bin\zip.dll
0x00007ffc00120000 - 0x00007ffc00139000 	C:\Program Files\Eclipse Adoptium\jdk-17.0.6.10-hotspot\bin\net.dll
0x00007ffc11b50000 - 0x00007ffc11c63000 	C:\WINDOWS\SYSTEM32\WINHTTP.dll
0x00007ffc16300000 - 0x00007ffc16367000 	C:\WINDOWS\system32\mswsock.dll
0x00007ffc000b0000 - 0x00007ffc000c5000 	C:\Program Files\Eclipse Adoptium\jdk-17.0.6.10-hotspot\bin\nio.dll
0x00007ffc00520000 - 0x00007ffc0053a000 	C:\Program Files\JetBrains\IntelliJ IDEA Community Edition 2023.1.2\bin\breakgen64.dll
0x00007ffc00d40000 - 0x00007ffc00d50000 	C:\Program Files\Eclipse Adoptium\jdk-17.0.6.10-hotspot\bin\verify.dll
0x00007ffc165b0000 - 0x00007ffc165c8000 	C:\WINDOWS\SYSTEM32\CRYPTSP.dll
0x00007ffc15d10000 - 0x00007ffc15d45000 	C:\WINDOWS\system32\rsaenh.dll
0x00007ffc16450000 - 0x00007ffc16479000 	C:\WINDOWS\SYSTEM32\USERENV.dll
0x00007ffc16720000 - 0x00007ffc16747000 	C:\WINDOWS\SYSTEM32\bcrypt.dll
0x00007ffc165a0000 - 0x00007ffc165ac000 	C:\WINDOWS\SYSTEM32\CRYPTBASE.dll
0x00007ffc158d0000 - 0x00007ffc158fd000 	C:\WINDOWS\SYSTEM32\IPHLPAPI.DLL
0x00007ffc18670000 - 0x00007ffc18679000 	C:\WINDOWS\System32\NSI.dll
0x00007ffc11850000 - 0x00007ffc11869000 	C:\WINDOWS\SYSTEM32\dhcpcsvc6.DLL
0x00007ffc11fd0000 - 0x00007ffc11fee000 	C:\WINDOWS\SYSTEM32\dhcpcsvc.DLL
0x00007ffc15900000 - 0x00007ffc159e7000 	C:\WINDOWS\SYSTEM32\DNSAPI.dll
0x00007ffc004f0000 - 0x00007ffc004fe000 	C:\Program Files\Eclipse Adoptium\jdk-17.0.6.10-hotspot\bin\sunmscapi.dll
0x00007ffc17520000 - 0x00007ffc1768a000 	C:\WINDOWS\System32\CRYPT32.dll
0x00007ffc166f0000 - 0x00007ffc1671a000 	C:\WINDOWS\SYSTEM32\ncrypt.dll
0x00007ffc166b0000 - 0x00007ffc166e7000 	C:\WINDOWS\SYSTEM32\NTASN1.dll
0x00007ffc00510000 - 0x00007ffc00519000 	C:\Program Files\Eclipse Adoptium\jdk-17.0.6.10-hotspot\bin\management.dll
0x00007ffc00500000 - 0x00007ffc0050b000 	C:\Program Files\Eclipse Adoptium\jdk-17.0.6.10-hotspot\bin\management_ext.dll
0x00007ffc18920000 - 0x00007ffc18928000 	C:\WINDOWS\System32\PSAPI.DLL

dbghelp: loaded successfully - version: 4.0.5 - missing functions: none
symbol engine: initialized successfully - sym options: 0x614 - pdb path: .;C:\Program Files\Eclipse Adoptium\jdk-17.0.6.10-hotspot\bin;C:\WINDOWS\SYSTEM32;C:\Program Files\AVG\Antivirus;C:\WINDOWS\WinSxS\amd64_microsoft.windows.common-controls_6595b64144ccf1df_6.0.22000.120_none_9d947278b86cc467;C:\Program Files\Eclipse Adoptium\jdk-17.0.6.10-hotspot\bin\server;C:\Program Files\JetBrains\IntelliJ IDEA Community Edition 2023.1.2\bin

VM Arguments:
jvm_args: -javaagent:C:\Program Files\JetBrains\IntelliJ IDEA Community Edition 2023.1.2\lib\idea_rt.jar=53561:C:\Program Files\JetBrains\IntelliJ IDEA Community Edition 2023.1.2\bin -Dfile.encoding=UTF-8 
java_command: org.example.Main
java_class_path (initial): C:\Users\honza\OneDrive\Documents\NetBeansProjects\ProjektPlnaVerze\target\classes;C:\Users\honza\.m2\repository\org\springframework\boot\spring-boot-starter-web\3.0.2\spring-boot-starter-web-3.0.2.jar;C:\Users\honza\.m2\repository\org\springframework\boot\spring-boot-starter\3.0.2\spring-boot-starter-3.0.2.jar;C:\Users\honza\.m2\repository\org\springframework\boot\spring-boot\3.0.2\spring-boot-3.0.2.jar;C:\Users\honza\.m2\repository\org\springframework\boot\spring-boot-autoconfigure\3.0.2\spring-boot-autoconfigure-3.0.2.jar;C:\Users\honza\.m2\repository\org\springframework\boot\spring-boot-starter-logging\3.0.2\spring-boot-starter-logging-3.0.2.jar;C:\Users\honza\.m2\repository\ch\qos\logback\logback-classic\1.4.5\logback-classic-1.4.5.jar;C:\Users\honza\.m2\repository\ch\qos\logback\logback-core\1.4.5\logback-core-1.4.5.jar;C:\Users\honza\.m2\repository\org\apache\logging\log4j\log4j-to-slf4j\2.19.0\log4j-to-slf4j-2.19.0.jar;C:\Users\honza\.m2\repository\org\apache\logging\log4j\log4j-api\2.19.0\log4j-api-2.19.0.jar;C:\Users\honza\.m2\repository\org\slf4j\jul-to-slf4j\2.0.6\jul-to-slf4j-2.0.6.jar;C:\Users\honza\.m2\repository\jakarta\annotation\jakarta.annotation-api\2.1.1\jakarta.annotation-api-2.1.1.jar;C:\Users\honza\.m2\repository\org\springframework\spring-core\6.0.4\spring-core-6.0.4.jar;C:\Users\honza\.m2\repository\org\springframework\spring-jcl\6.0.4\spring-jcl-6.0.4.jar;C:\Users\honza\.m2\repository\org\yaml\snakeyaml\1.33\snakeyaml-1.33.jar;C:\Users\honza\.m2\repository\org\springframework\boot\spring-boot-starter-json\3.0.2\spring-boot-starter-json-3.0.2.jar;C:\Users\honza\.m2\repository\com\fasterxml\jackson\core\jackson-databind\2.14.1\jackson-databind-2.14.1.jar;C:\Users\honza\.m2\repository\com\fasterxml\jackson\core\jackson-annotations\2.14.1\jackson-annotations-2.14.1.jar;C:\Users\honza\.m2\repository\com\fasterxml\jackson\core\jackson-core\2.14.1\jackson-core-2.14.1.jar;C:\Users\honza\.m2\repository\com\fasterxml\jac
Launcher Type: SUN_STANDARD

[Global flags]
     intx CICompilerCount                          = 3                                         {product} {ergonomic}
     uint ConcGCThreads                            = 2                                         {product} {ergonomic}
     uint G1ConcRefinementThreads                  = 6                                         {product} {ergonomic}
   size_t G1HeapRegionSize                         = 2097152                                   {product} {ergonomic}
    uintx GCDrainStackTargetSize                   = 64                                        {product} {ergonomic}
   size_t InitialHeapSize                          = 268435456                                 {product} {ergonomic}
   size_t MarkStackSize                            = 4194304                                   {product} {ergonomic}
   size_t MaxHeapSize                              = 4280287232                                {product} {ergonomic}
   size_t MaxNewSize                               = 2566914048                                {product} {ergonomic}
   size_t MinHeapDeltaBytes                        = 2097152                                   {product} {ergonomic}
   size_t MinHeapSize                              = 8388608                                   {product} {ergonomic}
    uintx NonNMethodCodeHeapSize                   = 5832780                                {pd product} {ergonomic}
    uintx NonProfiledCodeHeapSize                  = 122912730                              {pd product} {ergonomic}
    uintx ProfiledCodeHeapSize                     = 122912730                              {pd product} {ergonomic}
    uintx ReservedCodeCacheSize                    = 251658240                              {pd product} {ergonomic}
     bool SegmentedCodeCache                       = true                                      {product} {ergonomic}
   size_t SoftMaxHeapSize                          = 4280287232                             {manageable} {ergonomic}
     bool UseCompressedClassPointers               = true                           {product lp64_product} {ergonomic}
     bool UseCompressedOops                        = true                           {product lp64_product} {ergonomic}
     bool UseG1GC                                  = true                                      {product} {ergonomic}
     bool UseLargePagesIndividualAllocation        = false                                  {pd product} {ergonomic}

Logging:
Log output configuration:
 #0: stdout all=warning uptime,level,tags
 #1: stderr all=off uptime,level,tags

Environment Variables:
JAVA_HOME=C:\Program Files\Eclipse Adoptium\jdk-17.0.6.10-hotspot\
PATH=C:\Python311\Scripts\;C:\Python311\;C:\Program Files\Eclipse Adoptium\jdk-17.0.6.10-hotspot\bin;C:\Program Files\Oculus\Support\oculus-runtime;C:\Program Files (x86)\Intel\Intel(R) Management Engine Components\iCLS\;C:\Program Files\Intel\Intel(R) Management Engine Components\iCLS\;C:\Windows\system32;C:\Windows;C:\Windows\System32\Wbem;C:\Windows\System32\WindowsPowerShell\v1.0\;C:\Windows\System32\OpenSSH\;C:\Program Files (x86)\Intel\Intel(R) Management Engine Components\DAL;C:\Program Files\Intel\Intel(R) Management Engine Components\DAL;C:\Program Files\NVIDIA Corporation\NVIDIA NvDLISR;C:\Program Files (x86)\NVIDIA Corporation\PhysX\Common;C:\Program Files\Common Files\Autodesk Shared\;C:\WINDOWS\system32;C:\WINDOWS;C:\WINDOWS\System32\Wbem;C:\WINDOWS\System32\WindowsPowerShell\v1.0\;C:\WINDOWS\System32\OpenSSH\;C:\WINDOWS\system32;C:\WINDOWS;C:\WINDOWS\System32\Wbem;C:\WINDOWS\System32\WindowsPowerShell\v1.0\;C:\WINDOWS\System32\OpenSSH\;C:\Program Files (x86)\Common Files\Propellerhead Software\ReWire\;C:\Program Files\Common Files\Propellerhead Software\ReWire\;C:\TDM-GCC-32\bin;C:\Program Files (x86)\ZeroTier\One\;C:\Program Files\nodejs\;C:\ProgramData\chocolatey\bin;C:\Users\honza\AppData\Local\Microsoft\WindowsApps;;C:\Users\honza\AppData\Local\Programs\Microsoft VS Code\bin;C:\Users\honza\AppData\Roaming\npm
USERNAME=honza
OS=Windows_NT
PROCESSOR_IDENTIFIER=Intel64 Family 6 Model 158 Stepping 10, GenuineIntel
TMP=C:\Users\honza\AppData\Local\Temp
TEMP=C:\Users\honza\AppData\Local\Temp



---------------  S Y S T E M  ---------------

OS:
 Windows 11 , 64 bit Build 22000 (10.0.22000.2003)
OS uptime: 0 days 16:05 hours

CPU: total 6 (initial active 6) (6 cores per cpu, 1 threads per core) family 6 model 158 stepping 10 microcode 0xde, cx8, cmov, fxsr, mmx, 3dnowpref, sse, sse2, sse3, ssse3, sse4.1, sse4.2, popcnt, lzcnt, tsc, tscinvbit, avx, avx2, aes, erms, clmul, bmi1, bmi2, rtm, adx, fma, vzeroupper, clflush, clflushopt

Memory: 4k page, system-wide physical 16326M (6024M free)
TotalPageFile size 21958M (AvailPageFile size 5434M)
current process WorkingSet (physical memory assigned to process): 242M, peak: 242M
current process commit charge ("private bytes"): 372M, peak: 403M

vm_info: OpenJDK 64-Bit Server VM (17.0.6+10) for windows-amd64 JRE (17.0.6+10), built on Jan 18 2023 10:08:59 by "temurin" with MS VC++ 16.7 (VS2019)

END.
